[debug] [2021-05-09T12:53:10.480Z] ----------------------------------------------------------------------
[debug] [2021-05-09T12:53:10.480Z] Command:       /opt/homebrew/Cellar/node/16.1.0/bin/node /opt/homebrew/bin/firebase deploy
[debug] [2021-05-09T12:53:10.481Z] CLI Version:   9.10.2
[debug] [2021-05-09T12:53:10.481Z] Platform:      darwin
[debug] [2021-05-09T12:53:10.481Z] Node Version:  v16.1.0
[debug] [2021-05-09T12:53:10.481Z] Time:          Sun May 09 2021 21:53:10 GMT+0900 (日本標準時)
[debug] [2021-05-09T12:53:10.481Z] ----------------------------------------------------------------------
[debug] 
[debug] [2021-05-09T12:53:10.484Z] > command requires scopes: ["email","openid","https://www.googleapis.com/auth/cloudplatformprojects.readonly","https://www.googleapis.com/auth/firebase","https://www.googleapis.com/auth/cloud-platform"]
[debug] [2021-05-09T12:53:10.484Z] > authorizing via signed-in user (ito.atsu.mail@gmail.com)
[debug] [2021-05-09T12:53:10.484Z] [iam] checking project vuecrud-7beee for permissions ["firebase.projects.get","firebasehosting.sites.update"]
[debug] [2021-05-09T12:53:10.485Z] >>> HTTP REQUEST POST https://cloudresourcemanager.googleapis.com/v1/projects/vuecrud-7beee:testIamPermissions  
 {"permissions":["firebase.projects.get","firebasehosting.sites.update"]}
[debug] [2021-05-09T12:53:11.265Z] <<< HTTP RESPONSE 200 {"content-type":"application/json; charset=UTF-8","vary":"X-Origin, Referer, Origin,Accept-Encoding","date":"Sun, 09 May 2021 12:53:11 GMT","server":"ESF","cache-control":"private","x-xss-protection":"0","x-frame-options":"SAMEORIGIN","x-content-type-options":"nosniff","server-timing":"gfet4t7; dur=573","alt-svc":"h3-29=\":443\"; ma=2592000,h3-T051=\":443\"; ma=2592000,h3-Q050=\":443\"; ma=2592000,h3-Q046=\":443\"; ma=2592000,h3-Q043=\":443\"; ma=2592000,quic=\":443\"; ma=2592000; v=\"46,43\"","accept-ranges":"none","transfer-encoding":"chunked"}
[debug] [2021-05-09T12:53:11.269Z] > refreshing access token with scopes: []
[debug] [2021-05-09T12:53:11.269Z] >>> HTTP REQUEST POST https://www.googleapis.com/oauth2/v3/token  
 <request body omitted>
[debug] [2021-05-09T12:53:11.455Z] <<< HTTP RESPONSE 200 {"pragma":"no-cache","cache-control":"no-cache, no-store, max-age=0, must-revalidate","expires":"Mon, 01 Jan 1990 00:00:00 GMT","date":"Sun, 09 May 2021 12:53:11 GMT","content-type":"application/json; charset=utf-8","vary":"X-Origin, Referer, Origin,Accept-Encoding","server":"scaffolding on HTTPServer2","x-xss-protection":"0","x-frame-options":"SAMEORIGIN","x-content-type-options":"nosniff","alt-svc":"h3-29=\":443\"; ma=2592000,h3-T051=\":443\"; ma=2592000,h3-Q050=\":443\"; ma=2592000,h3-Q046=\":443\"; ma=2592000,h3-Q043=\":443\"; ma=2592000,quic=\":443\"; ma=2592000; v=\"46,43\"","accept-ranges":"none","transfer-encoding":"chunked"}
[debug] [2021-05-09T12:53:11.521Z] >>> [apiv2][query] GET https://firebase.googleapis.com/v1beta1/projects/vuecrud-7beee [none]
[debug] [2021-05-09T12:53:12.395Z] <<< [apiv2][status] GET https://firebase.googleapis.com/v1beta1/projects/vuecrud-7beee 200
[debug] [2021-05-09T12:53:12.395Z] <<< [apiv2][body] GET https://firebase.googleapis.com/v1beta1/projects/vuecrud-7beee {"projectId":"vuecrud-7beee","projectNumber":"455727622544","displayName":"VueCRUD","name":"projects/vuecrud-7beee","resources":{"hostingSite":"vuecrud-7beee","storageBucket":"vuecrud-7beee.appspot.com","locationId":"asia-northeast1"},"state":"ACTIVE"}
[info] 
[info] === Deploying to 'vuecrud-7beee'...
[info] 
[info] i  deploying hosting 
[debug] [2021-05-09T12:53:12.400Z] > refreshing access token with scopes: ["email","https://www.googleapis.com/auth/cloud-platform","https://www.googleapis.com/auth/cloudplatformprojects.readonly","https://www.googleapis.com/auth/firebase","openid"]
[debug] [2021-05-09T12:53:12.400Z] >>> HTTP REQUEST POST https://www.googleapis.com/oauth2/v3/token  
 <request body omitted>
[debug] [2021-05-09T12:53:12.593Z] <<< HTTP RESPONSE 200 {"cache-control":"no-cache, no-store, max-age=0, must-revalidate","pragma":"no-cache","date":"Sun, 09 May 2021 12:53:12 GMT","expires":"Mon, 01 Jan 1990 00:00:00 GMT","content-type":"application/json; charset=utf-8","vary":"X-Origin, Referer, Origin,Accept-Encoding","server":"scaffolding on HTTPServer2","x-xss-protection":"0","x-frame-options":"SAMEORIGIN","x-content-type-options":"nosniff","alt-svc":"h3-29=\":443\"; ma=2592000,h3-T051=\":443\"; ma=2592000,h3-Q050=\":443\"; ma=2592000,h3-Q046=\":443\"; ma=2592000,h3-Q043=\":443\"; ma=2592000,quic=\":443\"; ma=2592000; v=\"46,43\"","accept-ranges":"none","transfer-encoding":"chunked"}
[debug] [2021-05-09T12:53:12.639Z] >>> HTTP REQUEST POST https://firebasehosting.googleapis.com/v1beta1/sites/vuecrud-7beee/versions  
 {"config":{"rewrites":[{"glob":"**","path":"/index.html"}]},"labels":{"deployment-tool":"cli-firebase"}}
[debug] [2021-05-09T12:53:14.517Z] <<< HTTP RESPONSE 200 {"content-type":"application/json; charset=UTF-8","vary":"X-Origin, Referer, Origin,Accept-Encoding","date":"Sun, 09 May 2021 12:53:14 GMT","server":"ESF","cache-control":"private","x-xss-protection":"0","x-frame-options":"SAMEORIGIN","x-content-type-options":"nosniff","alt-svc":"h3-29=\":443\"; ma=2592000,h3-T051=\":443\"; ma=2592000,h3-Q050=\":443\"; ma=2592000,h3-Q046=\":443\"; ma=2592000,h3-Q043=\":443\"; ma=2592000,quic=\":443\"; ma=2592000; v=\"46,43\"","accept-ranges":"none","transfer-encoding":"chunked"}
[info] i  hosting[vuecrud-7beee]: beginning deploy... 
[info] i  hosting[vuecrud-7beee]: found 12 files in dist 
[debug] [2021-05-09T12:53:14.532Z] [hosting] hash cache [ZGlzdA] not populated
[debug] [2021-05-09T12:53:14.987Z] > refreshing access token with scopes: []
[debug] [2021-05-09T12:53:14.988Z] >>> HTTP REQUEST POST https://www.googleapis.com/oauth2/v3/token  
 <request body omitted>
[debug] [2021-05-09T12:53:14.988Z] [hosting] hash cache [ZGlzdA] stored for 12 files
[debug] [2021-05-09T12:53:14.988Z] [hosting][hash queue][FINAL] {"max":452,"min":6,"avg":58.166666666666664,"active":0,"complete":12,"success":12,"errored":0,"retried":0,"total":12,"elapsed":456}
[debug] [2021-05-09T12:53:15.254Z] <<< HTTP RESPONSE 200 {"expires":"Mon, 01 Jan 1990 00:00:00 GMT","pragma":"no-cache","date":"Sun, 09 May 2021 12:53:15 GMT","cache-control":"no-cache, no-store, max-age=0, must-revalidate","content-type":"application/json; charset=utf-8","vary":"X-Origin, Referer, Origin,Accept-Encoding","server":"scaffolding on HTTPServer2","x-xss-protection":"0","x-frame-options":"SAMEORIGIN","x-content-type-options":"nosniff","alt-svc":"h3-29=\":443\"; ma=2592000,h3-T051=\":443\"; ma=2592000,h3-Q050=\":443\"; ma=2592000,h3-Q046=\":443\"; ma=2592000,h3-Q043=\":443\"; ma=2592000,quic=\":443\"; ma=2592000; v=\"46,43\"","accept-ranges":"none","transfer-encoding":"chunked"}
[debug] [2021-05-09T12:53:15.314Z] >>> [apiv2][query] POST https://firebasehosting.googleapis.com/v1beta1/sites/vuecrud-7beee/versions/9e59759a1d8517fa:populateFiles [none]
[debug] [2021-05-09T12:53:15.315Z] >>> [apiv2][body] POST https://firebasehosting.googleapis.com/v1beta1/sites/vuecrud-7beee/versions/9e59759a1d8517fa:populateFiles {"files":{"/index.html":"60ba8879ce03f63ab6c2621f9ad2fe9cb2b2da5014fa53f07eabe12f5f033908","/css/api.272953e8.css":"5fe8b6e9f2c3123c9329632e7e6027836c3c734e024e3bb9723f0028c0a61d52","/css/about.47725dee.css":"a6dfa3d1a8695fdfc5d8d2b6d390b1e2b66458a7bfd0229da1a9ce1aea9189ef","/css/app.c5c24758.css":"06b8b90b6d6c180fbe2f3578cf0d41a9d5ba6f190d66c36a8ac473c8e3d7584c","/js/about.5555f0e1.js":"48a51b78a9f759e2a57d614959ad8e9a95378325e101b721ce0b081858fcb097","/js/about.5555f0e1.js.map":"60d1dfc2b8fbcc34a906b407c6e3c092ed7b0c689c57bbb67ccb7b4ce3e15630","/js/app.9d0016a0.js":"b9242b804511518ddb36cab3c8bf3bea3584268656b1b3969206de5e36902797","/js/app.9d0016a0.js.map":"89a49f1198f25067f49d61e2c212729da071f096f86ad7b5acd2bbdc5eb3bbd7","/js/api.70966cfd.js":"6fde1145d8e20615120c9471c0e0c0a9f58ae410ed4672bc88f10ce2dcfc7159","/js/chunk-vendors.81635ff0.js":"1229075ea502dfbd5111de79bbe59e99088ba31e842dde5ff05810fed78bcd63","/js/api.70966cfd.js.map":"3672622988d9b6e100a5a2dec77e2bb946639a7b54f4a86257759a00ea284c2a","/js/chunk-vendors.81635ff0.js.map":"65562bf1945391293f65416790da68c5d176ed3e437fdb5f8ea08cb67f3fb754"}}
[debug] [2021-05-09T12:53:16.304Z] <<< [apiv2][status] POST https://firebasehosting.googleapis.com/v1beta1/sites/vuecrud-7beee/versions/9e59759a1d8517fa:populateFiles 200
[debug] [2021-05-09T12:53:16.304Z] <<< [apiv2][body] POST https://firebasehosting.googleapis.com/v1beta1/sites/vuecrud-7beee/versions/9e59759a1d8517fa:populateFiles {"uploadRequiredHashes":["48a51b78a9f759e2a57d614959ad8e9a95378325e101b721ce0b081858fcb097","6fde1145d8e20615120c9471c0e0c0a9f58ae410ed4672bc88f10ce2dcfc7159","3672622988d9b6e100a5a2dec77e2bb946639a7b54f4a86257759a00ea284c2a","1229075ea502dfbd5111de79bbe59e99088ba31e842dde5ff05810fed78bcd63","89a49f1198f25067f49d61e2c212729da071f096f86ad7b5acd2bbdc5eb3bbd7","a6dfa3d1a8695fdfc5d8d2b6d390b1e2b66458a7bfd0229da1a9ce1aea9189ef","06b8b90b6d6c180fbe2f3578cf0d41a9d5ba6f190d66c36a8ac473c8e3d7584c","65562bf1945391293f65416790da68c5d176ed3e437fdb5f8ea08cb67f3fb754","60ba8879ce03f63ab6c2621f9ad2fe9cb2b2da5014fa53f07eabe12f5f033908","b9242b804511518ddb36cab3c8bf3bea3584268656b1b3969206de5e36902797","5fe8b6e9f2c3123c9329632e7e6027836c3c734e024e3bb9723f0028c0a61d52","60d1dfc2b8fbcc34a906b407c6e3c092ed7b0c689c57bbb67ccb7b4ce3e15630"],"uploadUrl":"https://upload-firebasehosting.googleapis.com/upload/sites/vuecrud-7beee/versions/9e59759a1d8517fa/files"}
[debug] [2021-05-09T12:53:16.309Z] >>> [apiv2][query] POST https://upload-firebasehosting.googleapis.com/upload/sites/vuecrud-7beee/versions/9e59759a1d8517fa/files/48a51b78a9f759e2a57d614959ad8e9a95378325e101b721ce0b081858fcb097 [none]
[debug] [2021-05-09T12:53:16.309Z] >>> [apiv2][body] POST https://upload-firebasehosting.googleapis.com/upload/sites/vuecrud-7beee/versions/9e59759a1d8517fa/files/48a51b78a9f759e2a57d614959ad8e9a95378325e101b721ce0b081858fcb097 [stream]
[debug] [2021-05-09T12:53:16.311Z] >>> [apiv2][query] POST https://upload-firebasehosting.googleapis.com/upload/sites/vuecrud-7beee/versions/9e59759a1d8517fa/files/6fde1145d8e20615120c9471c0e0c0a9f58ae410ed4672bc88f10ce2dcfc7159 [none]
[debug] [2021-05-09T12:53:16.311Z] >>> [apiv2][body] POST https://upload-firebasehosting.googleapis.com/upload/sites/vuecrud-7beee/versions/9e59759a1d8517fa/files/6fde1145d8e20615120c9471c0e0c0a9f58ae410ed4672bc88f10ce2dcfc7159 [stream]
[debug] [2021-05-09T12:53:16.312Z] >>> [apiv2][query] POST https://upload-firebasehosting.googleapis.com/upload/sites/vuecrud-7beee/versions/9e59759a1d8517fa/files/3672622988d9b6e100a5a2dec77e2bb946639a7b54f4a86257759a00ea284c2a [none]
[debug] [2021-05-09T12:53:16.312Z] >>> [apiv2][body] POST https://upload-firebasehosting.googleapis.com/upload/sites/vuecrud-7beee/versions/9e59759a1d8517fa/files/3672622988d9b6e100a5a2dec77e2bb946639a7b54f4a86257759a00ea284c2a [stream]
[debug] [2021-05-09T12:53:16.313Z] >>> [apiv2][query] POST https://upload-firebasehosting.googleapis.com/upload/sites/vuecrud-7beee/versions/9e59759a1d8517fa/files/1229075ea502dfbd5111de79bbe59e99088ba31e842dde5ff05810fed78bcd63 [none]
[debug] [2021-05-09T12:53:16.313Z] >>> [apiv2][body] POST https://upload-firebasehosting.googleapis.com/upload/sites/vuecrud-7beee/versions/9e59759a1d8517fa/files/1229075ea502dfbd5111de79bbe59e99088ba31e842dde5ff05810fed78bcd63 [stream]
[debug] [2021-05-09T12:53:16.314Z] >>> [apiv2][query] POST https://upload-firebasehosting.googleapis.com/upload/sites/vuecrud-7beee/versions/9e59759a1d8517fa/files/89a49f1198f25067f49d61e2c212729da071f096f86ad7b5acd2bbdc5eb3bbd7 [none]
[debug] [2021-05-09T12:53:16.314Z] >>> [apiv2][body] POST https://upload-firebasehosting.googleapis.com/upload/sites/vuecrud-7beee/versions/9e59759a1d8517fa/files/89a49f1198f25067f49d61e2c212729da071f096f86ad7b5acd2bbdc5eb3bbd7 [stream]
[debug] [2021-05-09T12:53:16.315Z] >>> [apiv2][query] POST https://upload-firebasehosting.googleapis.com/upload/sites/vuecrud-7beee/versions/9e59759a1d8517fa/files/a6dfa3d1a8695fdfc5d8d2b6d390b1e2b66458a7bfd0229da1a9ce1aea9189ef [none]
[debug] [2021-05-09T12:53:16.315Z] >>> [apiv2][body] POST https://upload-firebasehosting.googleapis.com/upload/sites/vuecrud-7beee/versions/9e59759a1d8517fa/files/a6dfa3d1a8695fdfc5d8d2b6d390b1e2b66458a7bfd0229da1a9ce1aea9189ef [stream]
[debug] [2021-05-09T12:53:16.319Z] >>> [apiv2][query] POST https://upload-firebasehosting.googleapis.com/upload/sites/vuecrud-7beee/versions/9e59759a1d8517fa/files/06b8b90b6d6c180fbe2f3578cf0d41a9d5ba6f190d66c36a8ac473c8e3d7584c [none]
[debug] [2021-05-09T12:53:16.319Z] >>> [apiv2][body] POST https://upload-firebasehosting.googleapis.com/upload/sites/vuecrud-7beee/versions/9e59759a1d8517fa/files/06b8b90b6d6c180fbe2f3578cf0d41a9d5ba6f190d66c36a8ac473c8e3d7584c [stream]
[debug] [2021-05-09T12:53:16.320Z] >>> [apiv2][query] POST https://upload-firebasehosting.googleapis.com/upload/sites/vuecrud-7beee/versions/9e59759a1d8517fa/files/65562bf1945391293f65416790da68c5d176ed3e437fdb5f8ea08cb67f3fb754 [none]
[debug] [2021-05-09T12:53:16.320Z] >>> [apiv2][body] POST https://upload-firebasehosting.googleapis.com/upload/sites/vuecrud-7beee/versions/9e59759a1d8517fa/files/65562bf1945391293f65416790da68c5d176ed3e437fdb5f8ea08cb67f3fb754 [stream]
[debug] [2021-05-09T12:53:16.321Z] >>> [apiv2][query] POST https://upload-firebasehosting.googleapis.com/upload/sites/vuecrud-7beee/versions/9e59759a1d8517fa/files/60ba8879ce03f63ab6c2621f9ad2fe9cb2b2da5014fa53f07eabe12f5f033908 [none]
[debug] [2021-05-09T12:53:16.321Z] >>> [apiv2][body] POST https://upload-firebasehosting.googleapis.com/upload/sites/vuecrud-7beee/versions/9e59759a1d8517fa/files/60ba8879ce03f63ab6c2621f9ad2fe9cb2b2da5014fa53f07eabe12f5f033908 [stream]
[debug] [2021-05-09T12:53:16.321Z] >>> [apiv2][query] POST https://upload-firebasehosting.googleapis.com/upload/sites/vuecrud-7beee/versions/9e59759a1d8517fa/files/b9242b804511518ddb36cab3c8bf3bea3584268656b1b3969206de5e36902797 [none]
[debug] [2021-05-09T12:53:16.321Z] >>> [apiv2][body] POST https://upload-firebasehosting.googleapis.com/upload/sites/vuecrud-7beee/versions/9e59759a1d8517fa/files/b9242b804511518ddb36cab3c8bf3bea3584268656b1b3969206de5e36902797 [stream]
[debug] [2021-05-09T12:53:16.322Z] >>> [apiv2][query] POST https://upload-firebasehosting.googleapis.com/upload/sites/vuecrud-7beee/versions/9e59759a1d8517fa/files/5fe8b6e9f2c3123c9329632e7e6027836c3c734e024e3bb9723f0028c0a61d52 [none]
[debug] [2021-05-09T12:53:16.322Z] >>> [apiv2][body] POST https://upload-firebasehosting.googleapis.com/upload/sites/vuecrud-7beee/versions/9e59759a1d8517fa/files/5fe8b6e9f2c3123c9329632e7e6027836c3c734e024e3bb9723f0028c0a61d52 [stream]
[debug] [2021-05-09T12:53:16.323Z] >>> [apiv2][query] POST https://upload-firebasehosting.googleapis.com/upload/sites/vuecrud-7beee/versions/9e59759a1d8517fa/files/60d1dfc2b8fbcc34a906b407c6e3c092ed7b0c689c57bbb67ccb7b4ce3e15630 [none]
[debug] [2021-05-09T12:53:16.323Z] >>> [apiv2][body] POST https://upload-firebasehosting.googleapis.com/upload/sites/vuecrud-7beee/versions/9e59759a1d8517fa/files/60d1dfc2b8fbcc34a906b407c6e3c092ed7b0c689c57bbb67ccb7b4ce3e15630 [stream]
[debug] [2021-05-09T12:53:16.324Z] [hosting][populate queue][FINAL] {"max":1322,"min":1322,"avg":1322,"active":0,"complete":1,"success":1,"errored":0,"retried":0,"total":1,"elapsed":1337}
[debug] [2021-05-09T12:53:16.324Z] [hosting] uploads queued: 12
[debug] [2021-05-09T12:53:18.407Z] <<< [apiv2][status] POST https://upload-firebasehosting.googleapis.com/upload/sites/vuecrud-7beee/versions/9e59759a1d8517fa/files/a6dfa3d1a8695fdfc5d8d2b6d390b1e2b66458a7bfd0229da1a9ce1aea9189ef 200
[debug] [2021-05-09T12:53:18.407Z] <<< [apiv2][body] POST https://upload-firebasehosting.googleapis.com/upload/sites/vuecrud-7beee/versions/9e59759a1d8517fa/files/a6dfa3d1a8695fdfc5d8d2b6d390b1e2b66458a7bfd0229da1a9ce1aea9189ef [stream]
[debug] [2021-05-09T12:53:18.418Z] <<< [apiv2][status] POST https://upload-firebasehosting.googleapis.com/upload/sites/vuecrud-7beee/versions/9e59759a1d8517fa/files/6fde1145d8e20615120c9471c0e0c0a9f58ae410ed4672bc88f10ce2dcfc7159 200
[debug] [2021-05-09T12:53:18.418Z] <<< [apiv2][body] POST https://upload-firebasehosting.googleapis.com/upload/sites/vuecrud-7beee/versions/9e59759a1d8517fa/files/6fde1145d8e20615120c9471c0e0c0a9f58ae410ed4672bc88f10ce2dcfc7159 [stream]
[debug] [2021-05-09T12:53:18.475Z] <<< [apiv2][status] POST https://upload-firebasehosting.googleapis.com/upload/sites/vuecrud-7beee/versions/9e59759a1d8517fa/files/b9242b804511518ddb36cab3c8bf3bea3584268656b1b3969206de5e36902797 200
[debug] [2021-05-09T12:53:18.475Z] <<< [apiv2][body] POST https://upload-firebasehosting.googleapis.com/upload/sites/vuecrud-7beee/versions/9e59759a1d8517fa/files/b9242b804511518ddb36cab3c8bf3bea3584268656b1b3969206de5e36902797 [stream]
[debug] [2021-05-09T12:53:18.830Z] <<< [apiv2][status] POST https://upload-firebasehosting.googleapis.com/upload/sites/vuecrud-7beee/versions/9e59759a1d8517fa/files/5fe8b6e9f2c3123c9329632e7e6027836c3c734e024e3bb9723f0028c0a61d52 200
[debug] [2021-05-09T12:53:18.830Z] <<< [apiv2][body] POST https://upload-firebasehosting.googleapis.com/upload/sites/vuecrud-7beee/versions/9e59759a1d8517fa/files/5fe8b6e9f2c3123c9329632e7e6027836c3c734e024e3bb9723f0028c0a61d52 [stream]
[debug] [2021-05-09T12:53:18.836Z] <<< [apiv2][status] POST https://upload-firebasehosting.googleapis.com/upload/sites/vuecrud-7beee/versions/9e59759a1d8517fa/files/06b8b90b6d6c180fbe2f3578cf0d41a9d5ba6f190d66c36a8ac473c8e3d7584c 200
[debug] [2021-05-09T12:53:18.836Z] <<< [apiv2][body] POST https://upload-firebasehosting.googleapis.com/upload/sites/vuecrud-7beee/versions/9e59759a1d8517fa/files/06b8b90b6d6c180fbe2f3578cf0d41a9d5ba6f190d66c36a8ac473c8e3d7584c [stream]
[debug] [2021-05-09T12:53:18.860Z] <<< [apiv2][status] POST https://upload-firebasehosting.googleapis.com/upload/sites/vuecrud-7beee/versions/9e59759a1d8517fa/files/60ba8879ce03f63ab6c2621f9ad2fe9cb2b2da5014fa53f07eabe12f5f033908 200
[debug] [2021-05-09T12:53:18.860Z] <<< [apiv2][body] POST https://upload-firebasehosting.googleapis.com/upload/sites/vuecrud-7beee/versions/9e59759a1d8517fa/files/60ba8879ce03f63ab6c2621f9ad2fe9cb2b2da5014fa53f07eabe12f5f033908 [stream]
[debug] [2021-05-09T12:53:18.862Z] <<< [apiv2][status] POST https://upload-firebasehosting.googleapis.com/upload/sites/vuecrud-7beee/versions/9e59759a1d8517fa/files/60d1dfc2b8fbcc34a906b407c6e3c092ed7b0c689c57bbb67ccb7b4ce3e15630 200
[debug] [2021-05-09T12:53:18.862Z] <<< [apiv2][body] POST https://upload-firebasehosting.googleapis.com/upload/sites/vuecrud-7beee/versions/9e59759a1d8517fa/files/60d1dfc2b8fbcc34a906b407c6e3c092ed7b0c689c57bbb67ccb7b4ce3e15630 [stream]
[debug] [2021-05-09T12:53:18.864Z] <<< [apiv2][status] POST https://upload-firebasehosting.googleapis.com/upload/sites/vuecrud-7beee/versions/9e59759a1d8517fa/files/48a51b78a9f759e2a57d614959ad8e9a95378325e101b721ce0b081858fcb097 200
[debug] [2021-05-09T12:53:18.864Z] <<< [apiv2][body] POST https://upload-firebasehosting.googleapis.com/upload/sites/vuecrud-7beee/versions/9e59759a1d8517fa/files/48a51b78a9f759e2a57d614959ad8e9a95378325e101b721ce0b081858fcb097 [stream]
[debug] [2021-05-09T12:53:18.880Z] <<< [apiv2][status] POST https://upload-firebasehosting.googleapis.com/upload/sites/vuecrud-7beee/versions/9e59759a1d8517fa/files/3672622988d9b6e100a5a2dec77e2bb946639a7b54f4a86257759a00ea284c2a 200
[debug] [2021-05-09T12:53:18.880Z] <<< [apiv2][body] POST https://upload-firebasehosting.googleapis.com/upload/sites/vuecrud-7beee/versions/9e59759a1d8517fa/files/3672622988d9b6e100a5a2dec77e2bb946639a7b54f4a86257759a00ea284c2a [stream]
[debug] [2021-05-09T12:53:18.918Z] <<< [apiv2][status] POST https://upload-firebasehosting.googleapis.com/upload/sites/vuecrud-7beee/versions/9e59759a1d8517fa/files/89a49f1198f25067f49d61e2c212729da071f096f86ad7b5acd2bbdc5eb3bbd7 200
[debug] [2021-05-09T12:53:18.918Z] <<< [apiv2][body] POST https://upload-firebasehosting.googleapis.com/upload/sites/vuecrud-7beee/versions/9e59759a1d8517fa/files/89a49f1198f25067f49d61e2c212729da071f096f86ad7b5acd2bbdc5eb3bbd7 [stream]
[debug] [2021-05-09T12:53:19.660Z] <<< [apiv2][status] POST https://upload-firebasehosting.googleapis.com/upload/sites/vuecrud-7beee/versions/9e59759a1d8517fa/files/1229075ea502dfbd5111de79bbe59e99088ba31e842dde5ff05810fed78bcd63 200
[debug] [2021-05-09T12:53:19.661Z] <<< [apiv2][body] POST https://upload-firebasehosting.googleapis.com/upload/sites/vuecrud-7beee/versions/9e59759a1d8517fa/files/1229075ea502dfbd5111de79bbe59e99088ba31e842dde5ff05810fed78bcd63 [stream]
